<?xml version="1.0" encoding="UTF-8"?>
<!-- Generated by org.testng.reporters.JUnitReportReporter -->
<testsuite skipped="0" hostname="DESKTOP-JKRD86Q" name="TestNG.HardAssertionEx1" tests="2" failures="0" timestamp="08 Dec 2023 18:47:11 GMT" time="0.017" errors="0">
  <testcase name="m2" time="0.002" classname="TestNG.HardAssertionEx1"/>
  <testcase name="m1" time="0.015" classname="TestNG.HardAssertionEx1"/>
</testsuite> <!-- TestNG.HardAssertionEx1 -->
