<?xml version="1.0" encoding="UTF-8"?>
<!-- Generated by org.testng.reporters.JUnitReportReporter -->
<testsuite skipped="0" hostname="DESKTOP-JKRD86Q" name="TestNG.ScreenShot" tests="1" failures="0" timestamp="09 Dec 2023 14:13:01 GMT" time="30.952" errors="0">
  <testcase name="m1" time="30.952" classname="TestNG.ScreenShot"/>
</testsuite> <!-- TestNG.ScreenShot -->
