<?xml version="1.0" encoding="UTF-8"?>
<!-- Generated by org.testng.reporters.JUnitReportReporter -->
<testsuite skipped="0" hostname="DESKTOP-JKRD86Q" name="TestNG.IndependantAndDepandant" tests="5" failures="0" timestamp="08 Dec 2023 13:59:24 GMT" time="0.025" errors="0">
  <testcase name="deleteProduct" time="0.003" classname="TestNG.IndependantAndDepandant"/>
  <testcase name="updateMethod" time="0.005" classname="TestNG.IndependantAndDepandant"/>
  <testcase name="modifyProduct" time="0.002" classname="TestNG.IndependantAndDepandant"/>
  <testcase name="createProduct" time="0.012" classname="TestNG.IndependantAndDepandant"/>
  <testcase name="newMethod" time="0.003" classname="TestNG.IndependantAndDepandant"/>
</testsuite> <!-- TestNG.IndependantAndDepandant -->
