<?xml version="1.0" encoding="UTF-8"?>
<!-- Generated by org.testng.reporters.JUnitReportReporter -->
<testsuite skipped="0" hostname="DESKTOP-JKRD86Q" name="AdvancedScenarios.AlertPopUp" tests="1" failures="0" timestamp="08 Dec 2023 18:02:15 GMT" time="52.353" errors="0">
  <testcase name="AlertPopUp" time="52.353" classname="AdvancedScenarios.AlertPopUp"/>
</testsuite> <!-- AdvancedScenarios.AlertPopUp -->
