<?xml version="1.0" encoding="UTF-8"?>
<!-- Generated by org.testng.reporters.JUnitReportReporter -->
<testsuite skipped="0" hostname="DESKTOP-JKRD86Q" name="TestNG.Priority" tests="3" failures="0" timestamp="08 Dec 2023 13:01:34 GMT" time="0.017" errors="0">
  <testcase name="modifyProduct" time="0.013" classname="TestNG.Priority"/>
  <testcase name="deleteProduct" time="0.002" classname="TestNG.Priority"/>
  <testcase name="createProduct" time="0.002" classname="TestNG.Priority"/>
</testsuite> <!-- TestNG.Priority -->
