<?xml version="1.0" encoding="UTF-8"?>
<!-- Generated by org.testng.reporters.JUnitReportReporter -->
<testsuite skipped="0" hostname="DESKTOP-JKRD86Q" name="AdvancedScenarios.AutenticationPopups" tests="1" failures="0" timestamp="08 Dec 2023 18:02:15 GMT" time="53.940" errors="0">
  <testcase name="AutenticationPopups" time="53.940" classname="AdvancedScenarios.AutenticationPopups"/>
</testsuite> <!-- AdvancedScenarios.AutenticationPopups -->
