<?xml version="1.0" encoding="UTF-8"?>
<!-- Generated by org.testng.reporters.JUnitReportReporter -->
<testsuite skipped="0" hostname="DESKTOP-JKRD86Q" name="FrameWork.FetchDataFromExcelSheet" tests="1" failures="0" timestamp="08 Dec 2023 18:02:15 GMT" time="56.660" errors="0">
  <testcase name="FetchDataFromExcelSheet" time="56.660" classname="FrameWork.FetchDataFromExcelSheet"/>
</testsuite> <!-- FrameWork.FetchDataFromExcelSheet -->
