<?xml version="1.0" encoding="UTF-8"?>
<!-- Generated by org.testng.reporters.JUnitReportReporter -->
<testsuite skipped="0" hostname="DESKTOP-JKRD86Q" name="TestNG.TestAnnotation" tests="5" failures="0" timestamp="08 Dec 2023 14:01:50 GMT" time="0.023" errors="0">
  <testcase name="deleteProduct" time="0.002" classname="TestNG.TestAnnotation"/>
  <testcase name="updateMethod" time="0.003" classname="TestNG.TestAnnotation"/>
  <testcase name="modifyProduct" time="0.002" classname="TestNG.TestAnnotation"/>
  <testcase name="createProduct" time="0.013" classname="TestNG.TestAnnotation"/>
  <testcase name="newMethod" time="0.003" classname="TestNG.TestAnnotation"/>
</testsuite> <!-- TestNG.TestAnnotation -->
