<?xml version="1.0" encoding="UTF-8"?>
<!-- Generated by org.testng.reporters.JUnitReportReporter -->
<testsuite skipped="0" hostname="DESKTOP-JKRD86Q" name="TestNG.SoftAssertionEx1" tests="2" failures="0" timestamp="08 Dec 2023 18:50:46 GMT" time="0.015" errors="0">
  <testcase name="m2" time="0.000" classname="TestNG.SoftAssertionEx1"/>
  <testcase name="m1" time="0.015" classname="TestNG.SoftAssertionEx1"/>
</testsuite> <!-- TestNG.SoftAssertionEx1 -->
