<?xml version="1.0" encoding="UTF-8"?>
<!-- Generated by org.testng.reporters.JUnitReportReporter -->
<testsuite skipped="0" hostname="DESKTOP-JKRD86Q" name="TestNG.TextNGEx1" tests="3" failures="0" timestamp="08 Dec 2023 12:58:36 GMT" time="0.018" errors="0">
  <testcase name="deleteProduct" time="0.004" classname="TestNG.TextNGEx1"/>
  <testcase name="createProduct" time="0.012" classname="TestNG.TextNGEx1"/>
  <testcase name="modifyProduct" time="0.002" classname="TestNG.TextNGEx1"/>
</testsuite> <!-- TestNG.TextNGEx1 -->
